<?xml version="1.0" encoding="UTF-8"?>
<testng-results ignored="0" total="1" passed="1" failed="0" skipped="0">
  <reporter-output>
  </reporter-output>
  <suite started-at="2021-11-20T21:32:28 IST" name="Default suite" finished-at="2021-11-20T21:32:28 IST" duration-ms="80">
    <groups>
    </groups>
    <test started-at="2021-11-20T21:32:28 IST" name="Default test" finished-at="2021-11-20T21:32:28 IST" duration-ms="80">
      <class name="GProject.DemoProject">
        <test-method signature="dProject()[pri:0, instance:GProject.DemoProject@6497b078]" started-at="2021-11-20T21:32:28 IST" name="dProject" finished-at="2021-11-20T21:32:28 IST" duration-ms="15" status="PASS">
          <reporter-output>
          </reporter-output>
        </test-method> <!-- dProject -->
      </class> <!-- GProject.DemoProject -->
    </test> <!-- Default test -->
  </suite> <!-- Default suite -->
</testng-results>
